<?xml version="1.0" encoding="UTF-8"?>
<!-- Generated by org.testng.reporters.JUnitReportReporter -->
<testsuite skipped="0" hostname="cavisson-Vostro-15-3568" name="TestNGPackage.VerboseTesting" tests="2" failures="0" timestamp="2020-02-24T21:43:15 IST" time="21.778" errors="0">
  <testcase name="FBTitle" time="9.498" classname="TestNGPackage.VerboseTesting"/>
  <testcase name="FBTitle2" time="12.280" classname="TestNGPackage.VerboseTesting"/>
</testsuite> <!-- TestNGPackage.VerboseTesting -->
