<?xml version="1.0" encoding="UTF-8"?>
<!-- Generated by org.testng.reporters.JUnitReportReporter -->
<testsuite skipped="0" hostname="cavisson-Vostro-15-3568" name="TestNGPackage.expectedExceptionMethod" tests="1" failures="0" timestamp="2020-03-12T22:11:54 IST" time="0.018" errors="0">
  <testcase name="test" time="0.018" classname="TestNGPackage.expectedExceptionMethod"/>
</testsuite> <!-- TestNGPackage.expectedExceptionMethod -->
