<?xml version="1.0" encoding="UTF-8"?>
<!-- Generated by org.testng.reporters.JUnitReportReporter -->
<testsuite skipped="0" hostname="cavisson-Vostro-15-3568" name="parametrization.CrossBrowserTesting" tests="6" failures="0" timestamp="2020-10-08T15:29:29 IST" time="57.645" errors="0">
  <testcase name="launchbrowser" time="33.887" classname="parametrization.CrossBrowserTesting"/>
  <testcase name="launchbrowser" time="20.851" classname="parametrization.CrossBrowserTesting"/>
  <testcase name="verifytitle" time="0.066" classname="parametrization.CrossBrowserTesting"/>
  <testcase name="verifytitle" time="0.015" classname="parametrization.CrossBrowserTesting"/>
  <testcase name="logout" time="0.317" classname="parametrization.CrossBrowserTesting"/>
  <testcase name="logout" time="2.509" classname="parametrization.CrossBrowserTesting"/>
</testsuite> <!-- parametrization.CrossBrowserTesting -->
