<?xml version="1.0" encoding="UTF-8"?>
<!-- Generated by org.testng.reporters.JUnitReportReporter -->
<testsuite skipped="0" hostname="cavisson-Vostro-15-3568" name="TestNGPackage.AnnotationExample1" tests="3" failures="0" timestamp="2020-02-08T18:33:19 IST" time="0.021" errors="0">
  <testcase name="search" time="0.016" classname="TestNGPackage.AnnotationExample1"/>
  <testcase name="advsearch" time="0.003" classname="TestNGPackage.AnnotationExample1"/>
  <testcase name="recharge" time="0.002" classname="TestNGPackage.AnnotationExample1"/>
</testsuite> <!-- TestNGPackage.AnnotationExample1 -->
