<?xml version="1.0" encoding="UTF-8"?>
<!-- Generated by org.testng.reporters.JUnitReportReporter -->
<testsuite skipped="0" hostname="cavisson-Vostro-15-3568" name="test.HorizontalScroll" tests="1" failures="0" timestamp="2020-11-16T16:13:15 IST" time="37.542" errors="0">
  <testcase name="scrollhorizontal" time="37.542" classname="test.HorizontalScroll"/>
</testsuite> <!-- test.HorizontalScroll -->
