<?xml version="1.0" encoding="UTF-8"?>
<!-- Generated by org.testng.reporters.JUnitReportReporter -->
<testsuite skipped="2" hostname="cavisson-Vostro-15-3568" name="TestNGPackage.DisablingTestMethod" tests="5" failures="0" timestamp="2020-02-09T15:14:24 IST" time="0.024" errors="0">
  <testcase name="openurl" time="0.020" classname="TestNGPackage.DisablingTestMethod"/>
  <testcase name="login" time="0.002" classname="TestNGPackage.DisablingTestMethod"/>
  <testcase name="logout" time="0.002" classname="TestNGPackage.DisablingTestMethod"/>
  <testcase name="advsearch" classname="TestNGPackage.DisablingTestMethod">
    <skipped/>
  </testcase> <!-- advsearch -->
  <testcase name="search" classname="TestNGPackage.DisablingTestMethod">
    <skipped/>
  </testcase> <!-- search -->
</testsuite> <!-- TestNGPackage.DisablingTestMethod -->
