<?xml version="1.0" encoding="UTF-8"?>
<!-- Generated by org.testng.reporters.JUnitReportReporter -->
<testsuite skipped="0" hostname="cavisson-Vostro-15-3568" name="log4j.Log4jdemo" tests="3" failures="0" timestamp="2020-03-12T00:00:37 IST" time="0.093" errors="0">
  <testcase name="setup" time="0.086" classname="log4j.Log4jdemo"/>
  <testcase name="login" time="0.005" classname="log4j.Log4jdemo"/>
  <testcase name="logout" time="0.002" classname="log4j.Log4jdemo"/>
</testsuite> <!-- log4j.Log4jdemo -->
