<?xml version="1.0" encoding="UTF-8"?>
<!-- Generated by org.testng.reporters.JUnitReportReporter -->
<testsuite skipped="0" hostname="cavisson-Vostro-15-3568" name="TestNGPackage.FirstTestCase" tests="3" failures="0" timestamp="2020-02-08T19:18:39 IST" time="0.023" errors="0">
  <testcase name="openURL" time="0.018" classname="TestNGPackage.FirstTestCase"/>
  <testcase name="login" time="0.003" classname="TestNGPackage.FirstTestCase"/>
  <testcase name="logout" time="0.002" classname="TestNGPackage.FirstTestCase"/>
</testsuite> <!-- TestNGPackage.FirstTestCase -->
