<?xml version="1.0" encoding="UTF-8"?>
<!-- Generated by org.testng.reporters.JUnitReportReporter -->
<testsuite skipped="0" hostname="cavisson-Vostro-15-3568" name="TestNGPackage.NewsHeadLInes" tests="1" failures="0" timestamp="2020-12-16T13:47:56 IST" time="1.114" errors="0">
  <testcase name="verifyHeading" time="1.114" classname="TestNGPackage.NewsHeadLInes"/>
</testsuite> <!-- TestNGPackage.NewsHeadLInes -->
