<?xml version="1.0" encoding="UTF-8"?>
<!-- Generated by org.testng.reporters.JUnitReportReporter -->
<testsuite skipped="0" hostname="cavisson-Vostro-15-3568" name="TestNGPackage.JaipurWeather" tests="1" failures="0" timestamp="2020-12-16T13:33:20 IST" time="9.693" errors="0">
  <testcase name="verifyTesttWeather" time="9.693" classname="TestNGPackage.JaipurWeather"/>
</testsuite> <!-- TestNGPackage.JaipurWeather -->
