<?xml version="1.0" encoding="UTF-8"?>
<!-- Generated by org.testng.reporters.JUnitReportReporter -->
<testsuite skipped="0" hostname="cavisson-Vostro-15-3568" name="pageObjectModel.LoginTest" tests="1" failures="0" timestamp="2020-03-12T00:06:03 IST" time="11.033" errors="0">
  <testcase name="login" time="11.033" classname="pageObjectModel.LoginTest"/>
</testsuite> <!-- pageObjectModel.LoginTest -->
