<?xml version="1.0" encoding="UTF-8"?>
<!-- Generated by org.testng.reporters.JUnitReportReporter -->
<testsuite skipped="0" hostname="cavisson-Vostro-15-3568" name="TestNGPack_BeforeAndAfterTest.TestCase1" tests="2" failures="0" timestamp="2020-02-10T21:15:18 IST" time="0.011" errors="0">
  <testcase name="m1" time="0.009" classname="TestNGPack_BeforeAndAfterTest.TestCase1"/>
  <testcase name="m2" time="0.002" classname="TestNGPack_BeforeAndAfterTest.TestCase1"/>
</testsuite> <!-- TestNGPack_BeforeAndAfterTest.TestCase1 -->
