<?xml version="1.0" encoding="UTF-8"?>
<!-- Generated by org.testng.reporters.JUnitReportReporter -->
<testsuite skipped="0" hostname="cavisson-Vostro-15-3568" name="pageObjectModel.LoginRegistrationTest" tests="1" failures="0" timestamp="2020-03-12T20:39:46 IST" time="2.641" errors="0">
  <testcase name="login" time="2.641" classname="pageObjectModel.LoginRegistrationTest"/>
</testsuite> <!-- pageObjectModel.LoginRegistrationTest -->
