<?xml version="1.0" encoding="UTF-8"?>
<!-- Generated by org.testng.reporters.JUnitReportReporter -->
<testsuite skipped="0" hostname="cavisson-Vostro-15-3568" name="parametrization.Test1" tests="2" failures="0" timestamp="2020-02-10T21:13:07 IST" time="0.031" errors="0">
  <testcase name="m1" time="0.026" classname="parametrization.Test1"/>
  <testcase name="m2" time="0.005" classname="parametrization.Test1"/>
</testsuite> <!-- parametrization.Test1 -->
