<?xml version="1.0" encoding="UTF-8"?>
<!-- Generated by org.testng.reporters.JUnitReportReporter -->
<testsuite skipped="0" hostname="cavisson-Vostro-15-3568" name="TestNGPackage.GroupAnnotation" tests="2" failures="0" timestamp="2020-11-17T11:57:46 IST" time="0.018" errors="0">
  <testcase name="setup" time="0.015" classname="TestNGPackage.GroupAnnotation"/>
  <testcase name="search" time="0.003" classname="TestNGPackage.GroupAnnotation"/>
</testsuite> <!-- TestNGPackage.GroupAnnotation -->
