<?xml version="1.0" encoding="UTF-8"?>
<!-- Generated by org.testng.reporters.JUnitReportReporter -->
<testsuite skipped="0" hostname="cavisson-Vostro-15-3568" name="TestNGPack_BeforeAndAfterTest.TestCase2" tests="2" failures="0" timestamp="2020-02-10T21:15:18 IST" time="0.003" errors="0">
  <testcase name="m3" time="0.002" classname="TestNGPack_BeforeAndAfterTest.TestCase2"/>
  <testcase name="m4" time="0.001" classname="TestNGPack_BeforeAndAfterTest.TestCase2"/>
</testsuite> <!-- TestNGPack_BeforeAndAfterTest.TestCase2 -->
