<?xml version="1.0" encoding="UTF-8"?>
<!-- Generated by org.testng.reporters.JUnitReportReporter -->
<testsuite skipped="0" hostname="cavisson-Vostro-15-3568" name="test.ScrollBar" tests="1" failures="0" timestamp="2020-11-27T17:31:45 IST" time="13.101" errors="0">
  <testcase name="ByPixel" time="13.101" classname="test.ScrollBar"/>
</testsuite> <!-- test.ScrollBar -->
