<?xml version="1.0" encoding="UTF-8"?>
<!-- Generated by org.testng.reporters.JUnitReportReporter -->
<testsuite skipped="0" hostname="cavisson-Vostro-15-3568" name="log4j.LoginTest" tests="2" failures="0" timestamp="2020-11-18T23:05:27 IST" time="9.929" errors="0">
  <testcase name="freecrmtitletest" time="4.275" classname="log4j.LoginTest"/>
  <testcase name="freecrmlogo" time="5.654" classname="log4j.LoginTest"/>
</testsuite> <!-- log4j.LoginTest -->
