<?xml version="1.0" encoding="UTF-8"?>
<!-- Generated by org.testng.reporters.JUnitReportReporter -->
<testsuite skipped="0" hostname="cavisson-Vostro-15-3568" name="TestNGPackage.InvocationCountAnnotation" tests="9" failures="0" timestamp="2020-02-18T21:44:03 IST" time="0.039" errors="0">
  <testcase name="setup" time="0.003" classname="TestNGPackage.InvocationCountAnnotation"/>
  <testcase name="setup" time="0.002" classname="TestNGPackage.InvocationCountAnnotation"/>
  <testcase name="setup" time="0.001" classname="TestNGPackage.InvocationCountAnnotation"/>
  <testcase name="setup" time="0.014" classname="TestNGPackage.InvocationCountAnnotation"/>
  <testcase name="setup" time="0.004" classname="TestNGPackage.InvocationCountAnnotation"/>
  <testcase name="login" time="0.002" classname="TestNGPackage.InvocationCountAnnotation"/>
  <testcase name="search" time="0.001" classname="TestNGPackage.InvocationCountAnnotation"/>
  <testcase name="advsearch" time="0.006" classname="TestNGPackage.InvocationCountAnnotation"/>
  <testcase name="logout" time="0.006" classname="TestNGPackage.InvocationCountAnnotation"/>
</testsuite> <!-- TestNGPackage.InvocationCountAnnotation -->
