<?xml version="1.0" encoding="UTF-8"?>
<!-- Generated by org.testng.reporters.JUnitReportReporter -->
<testsuite skipped="0" hostname="cavisson-Vostro-15-3568" name="TestNGPackage.BeforeAndAfterClassAnnotation" tests="3" failures="0" timestamp="2020-02-08T19:05:19 IST" time="0.014" errors="0">
  <testcase name="search" time="0.008" classname="TestNGPackage.BeforeAndAfterClassAnnotation"/>
  <testcase name="advsearch" time="0.004" classname="TestNGPackage.BeforeAndAfterClassAnnotation"/>
  <testcase name="recharge" time="0.002" classname="TestNGPackage.BeforeAndAfterClassAnnotation"/>
</testsuite> <!-- TestNGPackage.BeforeAndAfterClassAnnotation -->
